<?xml version="1.0" encoding="UTF-8"?>
<!-- Generated by org.testng.reporters.JUnitReportReporter -->
<testsuite skipped="0" hostname="qaplanet-PC" name="pac1.Login" tests="2" failures="0" timestamp="06 Aug 2019 05:56:15 GMT" time="40.438" errors="0">
  <testcase name="TC2_2" time="26.030" classname="pac1.Login"/>
  <testcase name="TC2_1" time="14.408" classname="pac1.Login"/>
</testsuite> <!-- pac1.Login -->
